<?xml version="1.0" encoding="UTF-8"?>
<testsuite xmlns:xsi="http://www.w3.org/2001/XMLSchema-instance" xsi:noNamespaceSchemaLocation="https://maven.apache.org/surefire/maven-surefire-plugin/xsd/surefire-test-report.xsd" name="runner.TestRunner" time="172.609" tests="14" errors="0" skipped="0" failures="0">
  <properties>
[...]
</properties>
  <testcase name="Login with valid credentials #1" classname="Login functionality" time="11.913"/>
  <testcase name="Login with valid credentials #2" classname="Login functionality" time="10.454"/>
  <testcase name="Login with valid credentials #3" classname="Login functionality" time="19.975"/>
  <testcase name="Login with invalid credentials" classname="Login functionality" time="11.217"/>
  <testcase name="Login with valid email and invalid password" classname="Login functionality" time="11.379"/>
  <testcase name="Login with invalid email and valid password" classname="Login functionality" time="10.431"/>
  <testcase name="Login without providing any credentials&quot;" classname="Login functionality" time="9.563"/>
  <testcase name="User creates an account only with mandatory fields" classname="Registration functionality" time="14.16"/>
  <testcase name="User creates an account with all fields" classname="Registration functionality" time="14.069"/>
  <testcase name="User creates a duplicate account" classname="Registration functionality" time="16.712"/>
  <testcase name="User creates an account without filling any details" classname="Registration functionality" time="12.826"/>
  <testcase name="User searches for a valid product" classname="Search functionality" time="9.135"/>
  <testcase name="User searches for an invalid product" classname="Search functionality" time="8.679"/>
  <testcase name="User searches without any product" classname="Search functionality" time="8.452"/>
</testsuite>